#
# There is insufficient memory for the Java Runtime Environment to continue.
# Native memory allocation (mmap) failed to map 65536 bytes. Error detail: Failed to commit metaspace.
# Possible reasons:
#   The system is out of physical RAM or swap space
#   This process is running with CompressedOops enabled, and the Java Heap may be blocking the growth of the native heap
# Possible solutions:
#   Reduce memory load on the system
#   Increase physical memory or swap space
#   Check if swap backing store is full
#   Decrease Java heap size (-Xmx/-Xms)
#   Decrease number of Java threads
#   Decrease Java thread stack sizes (-Xss)
#   Set larger code cache with -XX:ReservedCodeCacheSize=
#   JVM is running with Zero Based Compressed Oops mode in which the Java heap is
#     placed in the first 32GB address space. The Java Heap base address is the
#     maximum limit for the native heap growth. Please use -XX:HeapBaseMinAddress
#     to set the Java Heap base and to place the Java Heap above 32GB virtual address.
# This output file may be truncated or incomplete.
#
#  Out of Memory Error (virtualSpaceNode.cpp:110), pid=44584, tid=39664
#
# JRE version: OpenJDK Runtime Environment JBR-17.0.11+1-1207.24-jcef (17.0.11+1) (build 17.0.11+1-b1207.24)
# Java VM: OpenJDK 64-Bit Server VM JBR-17.0.11+1-1207.24-jcef (17.0.11+1-b1207.24, mixed mode, tiered, compressed oops, compressed class ptrs, g1 gc, windows-amd64)
# No core dump will be written. Minidumps are not enabled by default on client versions of Windows
#

---------------  S U M M A R Y ------------

Command Line: git4idea.http.GitAskPassApp Username for 'https://github.com': 

Host: AMD Ryzen 5 4600H with Radeon Graphics         , 12 cores, 15G,  Windows 11 , 64 bit Build 22621 (10.0.22621.3958)
Time: Thu Oct 31 11:09:04 2024 Korea Standard Time elapsed time: 0.591833 seconds (0d 0h 0m 0s)

---------------  T H R E A D  ---------------

Current thread (0x000002ad2f3d3d10):  JavaThread "HttpClient-1-Worker-0" daemon [_thread_in_vm, id=39664, stack(0x000000e1a6200000,0x000000e1a6300000)]

Stack: [0x000000e1a6200000,0x000000e1a6300000]
Native frames: (J=compiled Java code, j=interpreted, Vv=VM code, C=native code)
V  [jvm.dll+0x6877f9]
V  [jvm.dll+0x8411aa]
V  [jvm.dll+0x842e2e]
V  [jvm.dll+0x843493]
V  [jvm.dll+0x249fdf]
V  [jvm.dll+0x83c03b]
V  [jvm.dll+0x62bc86]
V  [jvm.dll+0x62bcea]
V  [jvm.dll+0x62e51a]
V  [jvm.dll+0x62c626]
V  [jvm.dll+0x1eaf52]
V  [jvm.dll+0x1edcfa]
V  [jvm.dll+0x1e31fc]
V  [jvm.dll+0x54c22c]
V  [jvm.dll+0x1f3d7b]
V  [jvm.dll+0x7b975b]
V  [jvm.dll+0x7babc9]
V  [jvm.dll+0x7baf18]
V  [jvm.dll+0x241a0e]
V  [jvm.dll+0x241c5f]
V  [jvm.dll+0x56a473]
V  [jvm.dll+0x56c9a4]
V  [jvm.dll+0x389bcb]
V  [jvm.dll+0x389682]
C  0x000002ad161e8a7f

The last pc belongs to getstatic (printed below).
Java frames: (J=compiled Java code, j=interpreted, Vv=VM code)
j  sun.security.ssl.SSLExtension.<clinit>()V+1779 java.base@17.0.11
v  ~StubRoutines::call_stub
j  sun.security.ssl.SSLConfiguration.getEnabledExtensions(Lsun/security/ssl/SSLHandshake;Ljava/util/List;)[Lsun/security/ssl/SSLExtension;+8 java.base@17.0.11
j  sun.security.ssl.ClientHello$ClientHelloKickstartProducer.produce(Lsun/security/ssl/ConnectionContext;)[B+949 java.base@17.0.11
j  sun.security.ssl.SSLHandshake.kickstart(Lsun/security/ssl/HandshakeContext;)V+47 java.base@17.0.11
j  sun.security.ssl.ClientHandshakeContext.kickstart()V+9 java.base@17.0.11
j  sun.security.ssl.TransportContext.kickstart()V+234 java.base@17.0.11
j  sun.security.ssl.SSLEngineImpl.writeRecord([Ljava/nio/ByteBuffer;II[Ljava/nio/ByteBuffer;II)Ljavax/net/ssl/SSLEngineResult;+117 java.base@17.0.11
j  sun.security.ssl.SSLEngineImpl.wrap([Ljava/nio/ByteBuffer;II[Ljava/nio/ByteBuffer;II)Ljavax/net/ssl/SSLEngineResult;+53 java.base@17.0.11
j  sun.security.ssl.SSLEngineImpl.wrap([Ljava/nio/ByteBuffer;IILjava/nio/ByteBuffer;)Ljavax/net/ssl/SSLEngineResult;+15 java.base@17.0.11
j  javax.net.ssl.SSLEngine.wrap([Ljava/nio/ByteBuffer;Ljava/nio/ByteBuffer;)Ljavax/net/ssl/SSLEngineResult;+20 java.base@17.0.11
j  jdk.internal.net.http.common.SSLFlowDelegate$Writer.wrapBuffers([Ljava/nio/ByteBuffer;)Ljdk/internal/net/http/common/SSLFlowDelegate$EngineResult;+131 java.net.http@17.0.11
j  jdk.internal.net.http.common.SSLFlowDelegate$Writer.processData()V+90 java.net.http@17.0.11
j  jdk.internal.net.http.common.SSLFlowDelegate$Writer$WriterDownstreamPusher.run()V+4 java.net.http@17.0.11
j  jdk.internal.net.http.common.SequentialScheduler$CompleteRestartableTask.run(Ljdk/internal/net/http/common/SequentialScheduler$DeferredCompleter;)V+1 java.net.http@17.0.11
j  jdk.internal.net.http.common.SequentialScheduler$SchedulableTask.run()V+14 java.net.http@17.0.11
j  jdk.internal.net.http.common.SequentialScheduler.runOrSchedule(Ljdk/internal/net/http/common/SequentialScheduler$SchedulableTask;Ljava/util/concurrent/Executor;)V+86 java.net.http@17.0.11
j  jdk.internal.net.http.common.SequentialScheduler.runOrSchedule()V+6 java.net.http@17.0.11
j  jdk.internal.net.http.common.SSLFlowDelegate$Writer.incoming(Ljava/util/List;Z)V+155 java.net.http@17.0.11
j  jdk.internal.net.http.common.SubscriberWrapper.incomingCaller(Ljava/util/List;Z)V+3 java.net.http@17.0.11
j  jdk.internal.net.http.common.SubscriberWrapper.addData(Ljava/nio/ByteBuffer;)V+24 java.net.http@17.0.11
j  jdk.internal.net.http.common.SSLFlowDelegate$Writer.onSubscribe()V+27 java.net.http@17.0.11
j  jdk.internal.net.http.common.SubscriberWrapper.onSubscribe(Ljava/util/concurrent/Flow$Subscription;)V+78 java.net.http@17.0.11
j  jdk.internal.net.http.common.SSLTube$SSLTubeFlowDelegate.connect(Ljava/util/concurrent/Flow$Subscriber;Ljava/util/concurrent/Flow$Subscriber;)V+95 java.net.http@17.0.11
j  jdk.internal.net.http.common.SSLFlowDelegate.<init>(Ljavax/net/ssl/SSLEngine;Ljava/util/concurrent/Executor;Ljava/util/function/Consumer;Ljava/util/concurrent/Flow$Subscriber;Ljava/util/concurrent/Flow$Subscriber;)V+243 java.net.http@17.0.11
j  jdk.internal.net.http.common.SSLTube$SSLTubeFlowDelegate.<init>(Ljdk/internal/net/http/common/SSLTube;Ljavax/net/ssl/SSLEngine;Ljava/util/concurrent/Executor;Ljava/util/function/Consumer;Ljdk/internal/net/http/common/SSLTube$SSLSubscriberWrapper;Ljdk/internal/net/http/common/FlowTube;)V+14 java.net.http@17.0.11
j  jdk.internal.net.http.common.SSLTube.<init>(Ljavax/net/ssl/SSLEngine;Ljava/util/concurrent/Executor;Ljava/util/function/Consumer;Ljdk/internal/net/http/common/FlowTube;)V+97 java.net.http@17.0.11
j  jdk.internal.net.http.AsyncSSLConnection.lambda$connectAsync$0(Ljava/lang/Void;)Ljava/lang/Void;+40 java.net.http@17.0.11
j  jdk.internal.net.http.AsyncSSLConnection$$Lambda$101+0x00000008001604c0.apply(Ljava/lang/Object;)Ljava/lang/Object;+8 java.net.http@17.0.11
j  java.util.concurrent.CompletableFuture$UniApply.tryFire(I)Ljava/util/concurrent/CompletableFuture;+106 java.base@17.0.11
j  java.util.concurrent.CompletableFuture.postComplete()V+76 java.base@17.0.11
j  java.util.concurrent.CompletableFuture$AsyncSupply.run()V+57 java.base@17.0.11
j  java.util.concurrent.ThreadPoolExecutor.runWorker(Ljava/util/concurrent/ThreadPoolExecutor$Worker;)V+92 java.base@17.0.11
j  java.util.concurrent.ThreadPoolExecutor$Worker.run()V+5 java.base@17.0.11
j  java.lang.Thread.run()V+11 java.base@17.0.11
v  ~StubRoutines::call_stub
getstatic  178 getstatic  [0x000002ad161e89e0, 0x000002ad161e8be0]  512 bytes
[MachCode]
  0x000002ad161e89e0: 4883 ec08 | c5fa 1104 | 24eb 1f48 | 83ec 10c5 | fb11 0424 | eb14 4883 | ec10 4889 | 0424 48c7 
  0x000002ad161e8a00: 4424 0800 | 0000 00eb | 0150 410f | b755 0148 | 8b4d d0c1 | e202 8b5c | d120 c1eb | 1081 e3ff 
  0x000002ad161e8a20: 0000 0081 | fbb2 0000 | 000f 84b6 | 0000 00bb | b200 0000 | e805 0000 | 00e9 9b00 | 0000 488b 
  0x000002ad161e8a40: d348 8d44 | 2408 4c89 | 6dc0 498b | cfc5 f877 | 4989 afa8 | 0200 0049 | 8987 9802 | 0000 4883 
  0x000002ad161e8a60: ec20 f7c4 | 0f00 0000 | 0f84 1a00 | 0000 4883 | ec08 49ba | 2096 7c07 | fb7f 0000 | 41ff d248 
  0x000002ad161e8a80: 83c4 08e9 | 0d00 0000 | 49ba 2096 | 7c07 fb7f | 0000 41ff | d248 83c4 | 2049 c787 | 9802 0000 
  0x000002ad161e8aa0: 0000 0000 | 49c7 87a8 | 0200 0000 | 0000 0049 | c787 a002 | 0000 0000 | 0000 c5f8 | 7749 817f 
  0x000002ad161e8ac0: 0800 0000 | 000f 8405 | 0000 00e9 | 3084 feff | 4c8b 6dc0 | 4c8b 75c8 | c341 0fb7 | 5501 488b 
  0x000002ad161e8ae0: 4dd0 c1e2 | 0248 8b5c | d130 8b44 | d138 4c8b | 4cd1 284d | 8b49 704d | 8b09 c1e8 | 1c83 e00f 
  0x000002ad161e8b00: 0f85 0b00 | 0000 410f | be04 1950 | e9b5 0000 | 0083 f801 | 0f85 0b00 | 0000 410f | b604 1950 
  0x000002ad161e8b20: e9a1 0000 | 0083 f808 | 0f85 0e00 | 0000 418b | 0419 48c1 | e003 50e9 | 8a00 0000 | 83f8 040f 
  0x000002ad161e8b40: 850a 0000 | 0041 8b04 | 1950 e977 | 0000 0083 | f802 0f85 | 0b00 0000 | 410f b704 | 1950 e963 
  0x000002ad161e8b60: 0000 0083 | f803 0f85 | 0b00 0000 | 410f bf04 | 1950 e94f | 0000 0083 | f805 0f85 | 1a00 0000 
  0x000002ad161e8b80: 498b 0419 | 4883 ec10 | 4889 0424 | 48c7 4424 | 0800 0000 | 00e9 2c00 | 0000 83f8 | 060f 8514 
  0x000002ad161e8ba0: 0000 00c4 | c17a 1004 | 1948 83ec | 08c5 fa11 | 0424 e90f | 0000 00c4 | c17b 1004 | 1948 83ec 
  0x000002ad161e8bc0: 10c5 fb11 | 0424 410f | b65d 0349 | 83c5 0349 | ba40 afff | 07fb 7f00 | 0041 ff24 | da66 6690 
[/MachCode]

---------------  P R O C E S S  ---------------

Threads class SMR info:
_java_thread_list=0x000002ad2f3e5360, length=15, elements={
0x000002ad09d4ca60, 0x000002ad2a321550, 0x000002ad2a3230f0, 0x000002ad2a95d900,
0x000002ad2a95e1d0, 0x000002ad2a95eaa0, 0x000002ad2a95f370, 0x000002ad2a960020,
0x000002ad2a963ee0, 0x000002ad2a9647f0, 0x000002ad2aae8040, 0x000002ad2aafaf60,
0x000002ad2f255490, 0x000002ad2f3d3d10, 0x000002ad2f416080
}

Java Threads: ( => current thread )
  0x000002ad09d4ca60 JavaThread "main" [_thread_blocked, id=48064, stack(0x000000e1a4d00000,0x000000e1a4e00000)]
  0x000002ad2a321550 JavaThread "Reference Handler" daemon [_thread_blocked, id=32240, stack(0x000000e1a5400000,0x000000e1a5500000)]
  0x000002ad2a3230f0 JavaThread "Finalizer" daemon [_thread_blocked, id=27592, stack(0x000000e1a5500000,0x000000e1a5600000)]
  0x000002ad2a95d900 JavaThread "Signal Dispatcher" daemon [_thread_blocked, id=17668, stack(0x000000e1a5600000,0x000000e1a5700000)]
  0x000002ad2a95e1d0 JavaThread "Attach Listener" daemon [_thread_blocked, id=31124, stack(0x000000e1a5700000,0x000000e1a5800000)]
  0x000002ad2a95eaa0 JavaThread "Service Thread" daemon [_thread_blocked, id=12332, stack(0x000000e1a5800000,0x000000e1a5900000)]
  0x000002ad2a95f370 JavaThread "Monitor Deflation Thread" daemon [_thread_blocked, id=48436, stack(0x000000e1a5900000,0x000000e1a5a00000)]
  0x000002ad2a960020 JavaThread "C2 CompilerThread0" daemon [_thread_blocked, id=46124, stack(0x000000e1a5a00000,0x000000e1a5b00000)]
  0x000002ad2a963ee0 JavaThread "C1 CompilerThread0" daemon [_thread_blocked, id=20732, stack(0x000000e1a5b00000,0x000000e1a5c00000)]
  0x000002ad2a9647f0 JavaThread "Sweeper thread" daemon [_thread_blocked, id=31692, stack(0x000000e1a5c00000,0x000000e1a5d00000)]
  0x000002ad2aae8040 JavaThread "Notification Thread" daemon [_thread_blocked, id=46500, stack(0x000000e1a5d00000,0x000000e1a5e00000)]
  0x000002ad2aafaf60 JavaThread "Common-Cleaner" daemon [_thread_blocked, id=36292, stack(0x000000e1a5f00000,0x000000e1a6000000)]
  0x000002ad2f255490 JavaThread "HttpClient-1-SelectorManager" daemon [_thread_in_native, id=20464, stack(0x000000e1a6000000,0x000000e1a6100000)]
=>0x000002ad2f3d3d10 JavaThread "HttpClient-1-Worker-0" daemon [_thread_in_vm, id=39664, stack(0x000000e1a6200000,0x000000e1a6300000)]
  0x000002ad2f416080 JavaThread "HttpClient-1-Worker-1" daemon [_thread_blocked, id=43036, stack(0x000000e1a6300000,0x000000e1a6400000)]

Other Threads:
  0x000002ad2a920ba0 VMThread "VM Thread" [stack: 0x000000e1a5300000,0x000000e1a5400000] [id=31300]
  0x000002ad2aae9b40 WatcherThread [stack: 0x000000e1a5e00000,0x000000e1a5f00000] [id=48520]
  0x000002ad09db6f80 GCTaskThread "GC Thread#0" [stack: 0x000000e1a4e00000,0x000000e1a4f00000] [id=26808]
  0x000002ad09dc73e0 ConcurrentGCThread "G1 Main Marker" [stack: 0x000000e1a4f00000,0x000000e1a5000000] [id=21064]
  0x000002ad09dca3c0 ConcurrentGCThread "G1 Conc#0" [stack: 0x000000e1a5000000,0x000000e1a5100000] [id=48852]
  0x000002ad2a207e60 ConcurrentGCThread "G1 Refine#0" [stack: 0x000000e1a5100000,0x000000e1a5200000] [id=45832]
  0x000002ad2a2086a0 ConcurrentGCThread "G1 Service" [stack: 0x000000e1a5200000,0x000000e1a5300000] [id=49864]

Threads with active compile tasks:

VM state: not at safepoint (normal execution)

VM Mutex/Monitor currently owned by a thread:  ([mutex/lock_event])
[0x000002ad09d35860] Metaspace_lock - owner thread: 0x000002ad2f3d3d10

Heap address: 0x000000070a000000, size: 3936 MB, Compressed Oops mode: Zero based, Oop shift amount: 3

CDS archive(s) not mapped
Compressed class space mapped at: 0x0000000800000000-0x0000000840000000, reserved size: 1073741824
Narrow klass base: 0x0000000800000000, Narrow klass shift: 0, Narrow klass range: 0x40000000

GC Precious Log:
 CPUs: 12 total, 12 available
 Memory: 15741M
 Large Page Support: Disabled
 NUMA Support: Disabled
 Compressed Oops: Enabled (Zero based)
 Heap Region Size: 2M
 Heap Min Capacity: 8M
 Heap Initial Capacity: 246M
 Heap Max Capacity: 3936M
 Pre-touch: Disabled
 Parallel Workers: 10
 Concurrent Workers: 3
 Concurrent Refinement Workers: 10
 Periodic GC: Disabled

Heap:
 garbage-first heap   total 251904K, used 10240K [0x000000070a000000, 0x0000000800000000)
  region size 2048K, 6 young (12288K), 0 survivors (0K)
 Metaspace       used 14648K, committed 14784K, reserved 1114112K
  class space    used 1508K, committed 1600K, reserved 1048576K

Heap Regions: E=young(eden), S=young(survivor), O=old, HS=humongous(starts), HC=humongous(continues), CS=collection set, F=free, OA=open archive, CA=closed archive, TAMS=top-at-mark-start (previous, next)
|   0|0x000000070a000000, 0x000000070a000000, 0x000000070a200000|  0%| F|  |TAMS 0x000000070a000000, 0x000000070a000000| Untracked 
|   1|0x000000070a200000, 0x000000070a200000, 0x000000070a400000|  0%| F|  |TAMS 0x000000070a200000, 0x000000070a200000| Untracked 
|   2|0x000000070a400000, 0x000000070a400000, 0x000000070a600000|  0%| F|  |TAMS 0x000000070a400000, 0x000000070a400000| Untracked 
|   3|0x000000070a600000, 0x000000070a600000, 0x000000070a800000|  0%| F|  |TAMS 0x000000070a600000, 0x000000070a600000| Untracked 
|   4|0x000000070a800000, 0x000000070a800000, 0x000000070aa00000|  0%| F|  |TAMS 0x000000070a800000, 0x000000070a800000| Untracked 
|   5|0x000000070aa00000, 0x000000070aa00000, 0x000000070ac00000|  0%| F|  |TAMS 0x000000070aa00000, 0x000000070aa00000| Untracked 
|   6|0x000000070ac00000, 0x000000070ac00000, 0x000000070ae00000|  0%| F|  |TAMS 0x000000070ac00000, 0x000000070ac00000| Untracked 
|   7|0x000000070ae00000, 0x000000070ae00000, 0x000000070b000000|  0%| F|  |TAMS 0x000000070ae00000, 0x000000070ae00000| Untracked 
|   8|0x000000070b000000, 0x000000070b000000, 0x000000070b200000|  0%| F|  |TAMS 0x000000070b000000, 0x000000070b000000| Untracked 
|   9|0x000000070b200000, 0x000000070b200000, 0x000000070b400000|  0%| F|  |TAMS 0x000000070b200000, 0x000000070b200000| Untracked 
|  10|0x000000070b400000, 0x000000070b400000, 0x000000070b600000|  0%| F|  |TAMS 0x000000070b400000, 0x000000070b400000| Untracked 
|  11|0x000000070b600000, 0x000000070b600000, 0x000000070b800000|  0%| F|  |TAMS 0x000000070b600000, 0x000000070b600000| Untracked 
|  12|0x000000070b800000, 0x000000070b800000, 0x000000070ba00000|  0%| F|  |TAMS 0x000000070b800000, 0x000000070b800000| Untracked 
|  13|0x000000070ba00000, 0x000000070ba00000, 0x000000070bc00000|  0%| F|  |TAMS 0x000000070ba00000, 0x000000070ba00000| Untracked 
|  14|0x000000070bc00000, 0x000000070bc00000, 0x000000070be00000|  0%| F|  |TAMS 0x000000070bc00000, 0x000000070bc00000| Untracked 
|  15|0x000000070be00000, 0x000000070be00000, 0x000000070c000000|  0%| F|  |TAMS 0x000000070be00000, 0x000000070be00000| Untracked 
|  16|0x000000070c000000, 0x000000070c000000, 0x000000070c200000|  0%| F|  |TAMS 0x000000070c000000, 0x000000070c000000| Untracked 
|  17|0x000000070c200000, 0x000000070c200000, 0x000000070c400000|  0%| F|  |TAMS 0x000000070c200000, 0x000000070c200000| Untracked 
|  18|0x000000070c400000, 0x000000070c400000, 0x000000070c600000|  0%| F|  |TAMS 0x000000070c400000, 0x000000070c400000| Untracked 
|  19|0x000000070c600000, 0x000000070c600000, 0x000000070c800000|  0%| F|  |TAMS 0x000000070c600000, 0x000000070c600000| Untracked 
|  20|0x000000070c800000, 0x000000070c800000, 0x000000070ca00000|  0%| F|  |TAMS 0x000000070c800000, 0x000000070c800000| Untracked 
|  21|0x000000070ca00000, 0x000000070ca00000, 0x000000070cc00000|  0%| F|  |TAMS 0x000000070ca00000, 0x000000070ca00000| Untracked 
|  22|0x000000070cc00000, 0x000000070cc00000, 0x000000070ce00000|  0%| F|  |TAMS 0x000000070cc00000, 0x000000070cc00000| Untracked 
|  23|0x000000070ce00000, 0x000000070ce00000, 0x000000070d000000|  0%| F|  |TAMS 0x000000070ce00000, 0x000000070ce00000| Untracked 
|  24|0x000000070d000000, 0x000000070d000000, 0x000000070d200000|  0%| F|  |TAMS 0x000000070d000000, 0x000000070d000000| Untracked 
|  25|0x000000070d200000, 0x000000070d200000, 0x000000070d400000|  0%| F|  |TAMS 0x000000070d200000, 0x000000070d200000| Untracked 
|  26|0x000000070d400000, 0x000000070d400000, 0x000000070d600000|  0%| F|  |TAMS 0x000000070d400000, 0x000000070d400000| Untracked 
|  27|0x000000070d600000, 0x000000070d600000, 0x000000070d800000|  0%| F|  |TAMS 0x000000070d600000, 0x000000070d600000| Untracked 
|  28|0x000000070d800000, 0x000000070d800000, 0x000000070da00000|  0%| F|  |TAMS 0x000000070d800000, 0x000000070d800000| Untracked 
|  29|0x000000070da00000, 0x000000070da00000, 0x000000070dc00000|  0%| F|  |TAMS 0x000000070da00000, 0x000000070da00000| Untracked 
|  30|0x000000070dc00000, 0x000000070dc00000, 0x000000070de00000|  0%| F|  |TAMS 0x000000070dc00000, 0x000000070dc00000| Untracked 
|  31|0x000000070de00000, 0x000000070de00000, 0x000000070e000000|  0%| F|  |TAMS 0x000000070de00000, 0x000000070de00000| Untracked 
|  32|0x000000070e000000, 0x000000070e000000, 0x000000070e200000|  0%| F|  |TAMS 0x000000070e000000, 0x000000070e000000| Untracked 
|  33|0x000000070e200000, 0x000000070e200000, 0x000000070e400000|  0%| F|  |TAMS 0x000000070e200000, 0x000000070e200000| Untracked 
|  34|0x000000070e400000, 0x000000070e400000, 0x000000070e600000|  0%| F|  |TAMS 0x000000070e400000, 0x000000070e400000| Untracked 
|  35|0x000000070e600000, 0x000000070e600000, 0x000000070e800000|  0%| F|  |TAMS 0x000000070e600000, 0x000000070e600000| Untracked 
|  36|0x000000070e800000, 0x000000070e800000, 0x000000070ea00000|  0%| F|  |TAMS 0x000000070e800000, 0x000000070e800000| Untracked 
|  37|0x000000070ea00000, 0x000000070ea00000, 0x000000070ec00000|  0%| F|  |TAMS 0x000000070ea00000, 0x000000070ea00000| Untracked 
|  38|0x000000070ec00000, 0x000000070ec00000, 0x000000070ee00000|  0%| F|  |TAMS 0x000000070ec00000, 0x000000070ec00000| Untracked 
|  39|0x000000070ee00000, 0x000000070ee00000, 0x000000070f000000|  0%| F|  |TAMS 0x000000070ee00000, 0x000000070ee00000| Untracked 
|  40|0x000000070f000000, 0x000000070f000000, 0x000000070f200000|  0%| F|  |TAMS 0x000000070f000000, 0x000000070f000000| Untracked 
|  41|0x000000070f200000, 0x000000070f200000, 0x000000070f400000|  0%| F|  |TAMS 0x000000070f200000, 0x000000070f200000| Untracked 
|  42|0x000000070f400000, 0x000000070f400000, 0x000000070f600000|  0%| F|  |TAMS 0x000000070f400000, 0x000000070f400000| Untracked 
|  43|0x000000070f600000, 0x000000070f600000, 0x000000070f800000|  0%| F|  |TAMS 0x000000070f600000, 0x000000070f600000| Untracked 
|  44|0x000000070f800000, 0x000000070f800000, 0x000000070fa00000|  0%| F|  |TAMS 0x000000070f800000, 0x000000070f800000| Untracked 
|  45|0x000000070fa00000, 0x000000070fa00000, 0x000000070fc00000|  0%| F|  |TAMS 0x000000070fa00000, 0x000000070fa00000| Untracked 
|  46|0x000000070fc00000, 0x000000070fc00000, 0x000000070fe00000|  0%| F|  |TAMS 0x000000070fc00000, 0x000000070fc00000| Untracked 
|  47|0x000000070fe00000, 0x000000070fe00000, 0x0000000710000000|  0%| F|  |TAMS 0x000000070fe00000, 0x000000070fe00000| Untracked 
|  48|0x0000000710000000, 0x0000000710000000, 0x0000000710200000|  0%| F|  |TAMS 0x0000000710000000, 0x0000000710000000| Untracked 
|  49|0x0000000710200000, 0x0000000710200000, 0x0000000710400000|  0%| F|  |TAMS 0x0000000710200000, 0x0000000710200000| Untracked 
|  50|0x0000000710400000, 0x0000000710400000, 0x0000000710600000|  0%| F|  |TAMS 0x0000000710400000, 0x0000000710400000| Untracked 
|  51|0x0000000710600000, 0x0000000710600000, 0x0000000710800000|  0%| F|  |TAMS 0x0000000710600000, 0x0000000710600000| Untracked 
|  52|0x0000000710800000, 0x0000000710800000, 0x0000000710a00000|  0%| F|  |TAMS 0x0000000710800000, 0x0000000710800000| Untracked 
|  53|0x0000000710a00000, 0x0000000710a00000, 0x0000000710c00000|  0%| F|  |TAMS 0x0000000710a00000, 0x0000000710a00000| Untracked 
|  54|0x0000000710c00000, 0x0000000710c00000, 0x0000000710e00000|  0%| F|  |TAMS 0x0000000710c00000, 0x0000000710c00000| Untracked 
|  55|0x0000000710e00000, 0x0000000710e00000, 0x0000000711000000|  0%| F|  |TAMS 0x0000000710e00000, 0x0000000710e00000| Untracked 
|  56|0x0000000711000000, 0x0000000711000000, 0x0000000711200000|  0%| F|  |TAMS 0x0000000711000000, 0x0000000711000000| Untracked 
|  57|0x0000000711200000, 0x0000000711200000, 0x0000000711400000|  0%| F|  |TAMS 0x0000000711200000, 0x0000000711200000| Untracked 
|  58|0x0000000711400000, 0x0000000711400000, 0x0000000711600000|  0%| F|  |TAMS 0x0000000711400000, 0x0000000711400000| Untracked 
|  59|0x0000000711600000, 0x0000000711600000, 0x0000000711800000|  0%| F|  |TAMS 0x0000000711600000, 0x0000000711600000| Untracked 
|  60|0x0000000711800000, 0x0000000711800000, 0x0000000711a00000|  0%| F|  |TAMS 0x0000000711800000, 0x0000000711800000| Untracked 
|  61|0x0000000711a00000, 0x0000000711a00000, 0x0000000711c00000|  0%| F|  |TAMS 0x0000000711a00000, 0x0000000711a00000| Untracked 
|  62|0x0000000711c00000, 0x0000000711c00000, 0x0000000711e00000|  0%| F|  |TAMS 0x0000000711c00000, 0x0000000711c00000| Untracked 
|  63|0x0000000711e00000, 0x0000000711e00000, 0x0000000712000000|  0%| F|  |TAMS 0x0000000711e00000, 0x0000000711e00000| Untracked 
|  64|0x0000000712000000, 0x0000000712000000, 0x0000000712200000|  0%| F|  |TAMS 0x0000000712000000, 0x0000000712000000| Untracked 
|  65|0x0000000712200000, 0x0000000712200000, 0x0000000712400000|  0%| F|  |TAMS 0x0000000712200000, 0x0000000712200000| Untracked 
|  66|0x0000000712400000, 0x0000000712400000, 0x0000000712600000|  0%| F|  |TAMS 0x0000000712400000, 0x0000000712400000| Untracked 
|  67|0x0000000712600000, 0x0000000712600000, 0x0000000712800000|  0%| F|  |TAMS 0x0000000712600000, 0x0000000712600000| Untracked 
|  68|0x0000000712800000, 0x0000000712800000, 0x0000000712a00000|  0%| F|  |TAMS 0x0000000712800000, 0x0000000712800000| Untracked 
|  69|0x0000000712a00000, 0x0000000712a00000, 0x0000000712c00000|  0%| F|  |TAMS 0x0000000712a00000, 0x0000000712a00000| Untracked 
|  70|0x0000000712c00000, 0x0000000712c00000, 0x0000000712e00000|  0%| F|  |TAMS 0x0000000712c00000, 0x0000000712c00000| Untracked 
|  71|0x0000000712e00000, 0x0000000712e00000, 0x0000000713000000|  0%| F|  |TAMS 0x0000000712e00000, 0x0000000712e00000| Untracked 
|  72|0x0000000713000000, 0x0000000713000000, 0x0000000713200000|  0%| F|  |TAMS 0x0000000713000000, 0x0000000713000000| Untracked 
|  73|0x0000000713200000, 0x0000000713200000, 0x0000000713400000|  0%| F|  |TAMS 0x0000000713200000, 0x0000000713200000| Untracked 
|  74|0x0000000713400000, 0x0000000713400000, 0x0000000713600000|  0%| F|  |TAMS 0x0000000713400000, 0x0000000713400000| Untracked 
|  75|0x0000000713600000, 0x0000000713600000, 0x0000000713800000|  0%| F|  |TAMS 0x0000000713600000, 0x0000000713600000| Untracked 
|  76|0x0000000713800000, 0x0000000713800000, 0x0000000713a00000|  0%| F|  |TAMS 0x0000000713800000, 0x0000000713800000| Untracked 
|  77|0x0000000713a00000, 0x0000000713a00000, 0x0000000713c00000|  0%| F|  |TAMS 0x0000000713a00000, 0x0000000713a00000| Untracked 
|  78|0x0000000713c00000, 0x0000000713c00000, 0x0000000713e00000|  0%| F|  |TAMS 0x0000000713c00000, 0x0000000713c00000| Untracked 
|  79|0x0000000713e00000, 0x0000000713e00000, 0x0000000714000000|  0%| F|  |TAMS 0x0000000713e00000, 0x0000000713e00000| Untracked 
|  80|0x0000000714000000, 0x0000000714000000, 0x0000000714200000|  0%| F|  |TAMS 0x0000000714000000, 0x0000000714000000| Untracked 
|  81|0x0000000714200000, 0x0000000714200000, 0x0000000714400000|  0%| F|  |TAMS 0x0000000714200000, 0x0000000714200000| Untracked 
|  82|0x0000000714400000, 0x0000000714400000, 0x0000000714600000|  0%| F|  |TAMS 0x0000000714400000, 0x0000000714400000| Untracked 
|  83|0x0000000714600000, 0x0000000714600000, 0x0000000714800000|  0%| F|  |TAMS 0x0000000714600000, 0x0000000714600000| Untracked 
|  84|0x0000000714800000, 0x0000000714800000, 0x0000000714a00000|  0%| F|  |TAMS 0x0000000714800000, 0x0000000714800000| Untracked 
|  85|0x0000000714a00000, 0x0000000714a00000, 0x0000000714c00000|  0%| F|  |TAMS 0x0000000714a00000, 0x0000000714a00000| Untracked 
|  86|0x0000000714c00000, 0x0000000714c00000, 0x0000000714e00000|  0%| F|  |TAMS 0x0000000714c00000, 0x0000000714c00000| Untracked 
|  87|0x0000000714e00000, 0x0000000714e00000, 0x0000000715000000|  0%| F|  |TAMS 0x0000000714e00000, 0x0000000714e00000| Untracked 
|  88|0x0000000715000000, 0x0000000715000000, 0x0000000715200000|  0%| F|  |TAMS 0x0000000715000000, 0x0000000715000000| Untracked 
|  89|0x0000000715200000, 0x0000000715200000, 0x0000000715400000|  0%| F|  |TAMS 0x0000000715200000, 0x0000000715200000| Untracked 
|  90|0x0000000715400000, 0x0000000715400000, 0x0000000715600000|  0%| F|  |TAMS 0x0000000715400000, 0x0000000715400000| Untracked 
|  91|0x0000000715600000, 0x0000000715600000, 0x0000000715800000|  0%| F|  |TAMS 0x0000000715600000, 0x0000000715600000| Untracked 
|  92|0x0000000715800000, 0x0000000715800000, 0x0000000715a00000|  0%| F|  |TAMS 0x0000000715800000, 0x0000000715800000| Untracked 
|  93|0x0000000715a00000, 0x0000000715a00000, 0x0000000715c00000|  0%| F|  |TAMS 0x0000000715a00000, 0x0000000715a00000| Untracked 
|  94|0x0000000715c00000, 0x0000000715c00000, 0x0000000715e00000|  0%| F|  |TAMS 0x0000000715c00000, 0x0000000715c00000| Untracked 
|  95|0x0000000715e00000, 0x0000000715e00000, 0x0000000716000000|  0%| F|  |TAMS 0x0000000715e00000, 0x0000000715e00000| Untracked 
|  96|0x0000000716000000, 0x0000000716000000, 0x0000000716200000|  0%| F|  |TAMS 0x0000000716000000, 0x0000000716000000| Untracked 
|  97|0x0000000716200000, 0x0000000716200000, 0x0000000716400000|  0%| F|  |TAMS 0x0000000716200000, 0x0000000716200000| Untracked 
|  98|0x0000000716400000, 0x0000000716400000, 0x0000000716600000|  0%| F|  |TAMS 0x0000000716400000, 0x0000000716400000| Untracked 
|  99|0x0000000716600000, 0x0000000716600000, 0x0000000716800000|  0%| F|  |TAMS 0x0000000716600000, 0x0000000716600000| Untracked 
| 100|0x0000000716800000, 0x0000000716800000, 0x0000000716a00000|  0%| F|  |TAMS 0x0000000716800000, 0x0000000716800000| Untracked 
| 101|0x0000000716a00000, 0x0000000716a00000, 0x0000000716c00000|  0%| F|  |TAMS 0x0000000716a00000, 0x0000000716a00000| Untracked 
| 102|0x0000000716c00000, 0x0000000716c00000, 0x0000000716e00000|  0%| F|  |TAMS 0x0000000716c00000, 0x0000000716c00000| Untracked 
| 103|0x0000000716e00000, 0x0000000716e00000, 0x0000000717000000|  0%| F|  |TAMS 0x0000000716e00000, 0x0000000716e00000| Untracked 
| 104|0x0000000717000000, 0x0000000717000000, 0x0000000717200000|  0%| F|  |TAMS 0x0000000717000000, 0x0000000717000000| Untracked 
| 105|0x0000000717200000, 0x0000000717200000, 0x0000000717400000|  0%| F|  |TAMS 0x0000000717200000, 0x0000000717200000| Untracked 
| 106|0x0000000717400000, 0x0000000717400000, 0x0000000717600000|  0%| F|  |TAMS 0x0000000717400000, 0x0000000717400000| Untracked 
| 107|0x0000000717600000, 0x0000000717600000, 0x0000000717800000|  0%| F|  |TAMS 0x0000000717600000, 0x0000000717600000| Untracked 
| 108|0x0000000717800000, 0x0000000717800000, 0x0000000717a00000|  0%| F|  |TAMS 0x0000000717800000, 0x0000000717800000| Untracked 
| 109|0x0000000717a00000, 0x0000000717a00000, 0x0000000717c00000|  0%| F|  |TAMS 0x0000000717a00000, 0x0000000717a00000| Untracked 
| 110|0x0000000717c00000, 0x0000000717c00000, 0x0000000717e00000|  0%| F|  |TAMS 0x0000000717c00000, 0x0000000717c00000| Untracked 
| 111|0x0000000717e00000, 0x0000000717e00000, 0x0000000718000000|  0%| F|  |TAMS 0x0000000717e00000, 0x0000000717e00000| Untracked 
| 112|0x0000000718000000, 0x0000000718000000, 0x0000000718200000|  0%| F|  |TAMS 0x0000000718000000, 0x0000000718000000| Untracked 
| 113|0x0000000718200000, 0x0000000718200000, 0x0000000718400000|  0%| F|  |TAMS 0x0000000718200000, 0x0000000718200000| Untracked 
| 114|0x0000000718400000, 0x0000000718400000, 0x0000000718600000|  0%| F|  |TAMS 0x0000000718400000, 0x0000000718400000| Untracked 
| 115|0x0000000718600000, 0x0000000718600000, 0x0000000718800000|  0%| F|  |TAMS 0x0000000718600000, 0x0000000718600000| Untracked 
| 116|0x0000000718800000, 0x0000000718800000, 0x0000000718a00000|  0%| F|  |TAMS 0x0000000718800000, 0x0000000718800000| Untracked 
| 117|0x0000000718a00000, 0x0000000718c00000, 0x0000000718c00000|100%| E|  |TAMS 0x0000000718a00000, 0x0000000718a00000| Complete 
| 118|0x0000000718c00000, 0x0000000718e00000, 0x0000000718e00000|100%| E|CS|TAMS 0x0000000718c00000, 0x0000000718c00000| Complete 
| 119|0x0000000718e00000, 0x0000000719000000, 0x0000000719000000|100%| E|CS|TAMS 0x0000000718e00000, 0x0000000718e00000| Complete 
| 120|0x0000000719000000, 0x0000000719200000, 0x0000000719200000|100%| E|CS|TAMS 0x0000000719000000, 0x0000000719000000| Complete 
| 121|0x0000000719200000, 0x0000000719400000, 0x0000000719400000|100%| E|CS|TAMS 0x0000000719200000, 0x0000000719200000| Complete 
| 122|0x0000000719400000, 0x0000000719600000, 0x0000000719600000|100%| E|CS|TAMS 0x0000000719400000, 0x0000000719400000| Complete 

Card table byte_map: [0x000002ad1f0e0000,0x000002ad1f890000] _byte_map_base: 0x000002ad1b890000

Marking Bits (Prev, Next): (CMBitMap*) 0x000002ad09db74b0, (CMBitMap*) 0x000002ad09db74f0
 Prev Bits: [0x000002ad20040000, 0x000002ad23dc0000)
 Next Bits: [0x000002ad23dc0000, 0x000002ad27b40000)

Polling page: 0x000002ad09e00000

Metaspace:

Usage:
  Non-class:     12.83 MB used.
      Class:      1.47 MB used.
       Both:     14.31 MB used.

Virtual space:
  Non-class space:       64.00 MB reserved,      12.88 MB ( 20%) committed,  1 nodes.
      Class space:        1.00 GB reserved,       1.56 MB ( <1%) committed,  1 nodes.
             Both:        1.06 GB reserved,      14.44 MB (  1%) committed. 

Chunk freelists:
   Non-Class:  2.62 MB
       Class:  14.25 MB
        Both:  16.88 MB

MaxMetaspaceSize: unlimited
CompressedClassSpaceSize: 1.00 GB
Initial GC threshold: 21.00 MB
Current GC threshold: 21.00 MB
CDS: off
MetaspaceReclaimPolicy: balanced
 - commit_granule_bytes: 65536.
 - commit_granule_words: 8192.
 - virtual_space_node_default_size: 8388608.
 - enlarge_chunks_in_place: 1.
 - new_chunks_are_fully_committed: 0.
 - uncommit_free_chunks: 1.
 - use_allocation_guard: 0.
 - handle_deallocations: 1.


Internal statistics:

num_allocs_failed_limit: 0.
num_arena_births: 120.
num_arena_deaths: 0.
num_vsnodes_births: 2.
num_vsnodes_deaths: 0.
num_space_committed: 231.
num_space_uncommitted: 0.
num_chunks_returned_to_freelist: 0.
num_chunks_taken_from_freelist: 251.
num_chunk_merges: 0.
num_chunk_splits: 143.
num_chunks_enlarged: 86.
num_inconsistent_stats: 0.

CodeHeap 'non-profiled nmethods': size=120000Kb used=269Kb max_used=269Kb free=119730Kb
 bounds [0x000002ad16770000, 0x000002ad169e0000, 0x000002ad1dca0000]
CodeHeap 'profiled nmethods': size=120000Kb used=1486Kb max_used=1486Kb free=118513Kb
 bounds [0x000002ad0eca0000, 0x000002ad0ef10000, 0x000002ad161d0000]
CodeHeap 'non-nmethods': size=5760Kb used=1174Kb max_used=1190Kb free=4585Kb
 bounds [0x000002ad161d0000, 0x000002ad16440000, 0x000002ad16770000]
 total_blobs=1380 nmethods=911 adapters=382
 compilation: enabled
              stopped_count=0, restarted_count=0
 full_count=0

Compilation events (20 events):
Event: 0.576 Thread 0x000002ad2a963ee0  902       3       jdk.internal.misc.Unsafe::makeLong (25 bytes)
Event: 0.577 Thread 0x000002ad2a963ee0 nmethod 902 0x000002ad0ee09810 code [0x000002ad0ee099c0, 0x000002ad0ee09c78]
Event: 0.577 Thread 0x000002ad2a963ee0  903       3       java.lang.String::concat (15 bytes)
Event: 0.578 Thread 0x000002ad2a963ee0 nmethod 903 0x000002ad0ee09d90 code [0x000002ad0ee0a0e0, 0x000002ad0ee0b688]
Event: 0.578 Thread 0x000002ad2a963ee0  907       3       java.lang.Byte::<init> (10 bytes)
Event: 0.578 Thread 0x000002ad2a963ee0 nmethod 907 0x000002ad0ee0be10 code [0x000002ad0ee0bfc0, 0x000002ad0ee0c198]
Event: 0.578 Thread 0x000002ad2a963ee0  904       3       jdk.internal.misc.Unsafe::getLongUnaligned (12 bytes)
Event: 0.578 Thread 0x000002ad2a963ee0 nmethod 904 0x000002ad0ee0c290 code [0x000002ad0ee0c440, 0x000002ad0ee0c628]
Event: 0.578 Thread 0x000002ad2a963ee0  905       3       jdk.internal.misc.Unsafe::convEndian (16 bytes)
Event: 0.578 Thread 0x000002ad2a963ee0 nmethod 905 0x000002ad0ee0c710 code [0x000002ad0ee0c8c0, 0x000002ad0ee0ca28]
Event: 0.578 Thread 0x000002ad2a963ee0  906       3       jdk.internal.jimage.decompressor.CompressedResourceHeader::readFromResource (104 bytes)
Event: 0.579 Thread 0x000002ad2a963ee0 nmethod 906 0x000002ad0ee0cb10 code [0x000002ad0ee0cda0, 0x000002ad0ee0d9b8]
Event: 0.579 Thread 0x000002ad2a963ee0  908       3       java.util.Collections$UnmodifiableCollection$1::hasNext (10 bytes)
Event: 0.579 Thread 0x000002ad2a963ee0 nmethod 908 0x000002ad0ee0de10 code [0x000002ad0ee0dfc0, 0x000002ad0ee0e1a8]
Event: 0.579 Thread 0x000002ad2a963ee0  909       3       java.util.Collections$UnmodifiableCollection$1::next (10 bytes)
Event: 0.579 Thread 0x000002ad2a963ee0 nmethod 909 0x000002ad0ee0e290 code [0x000002ad0ee0e440, 0x000002ad0ee0e628]
Event: 0.582 Thread 0x000002ad2a963ee0  910       3       java.lang.invoke.DirectMethodHandle::preparedLambdaForm (6 bytes)
Event: 0.582 Thread 0x000002ad2a963ee0 nmethod 910 0x000002ad0ee0e710 code [0x000002ad0ee0e8a0, 0x000002ad0ee0e9c8]
Event: 0.582 Thread 0x000002ad2a963ee0  911       3       java.lang.invoke.TypeConvertingMethodAdapter::convertType (299 bytes)
Event: 0.584 Thread 0x000002ad2a963ee0 nmethod 911 0x000002ad0ee0ea90 code [0x000002ad0ee0f0c0, 0x000002ad0ee126e8]

GC Heap History (0 events):
No events

Dll operation events (1 events):
Event: 0.015 Loaded shared library C:\Program Files\JetBrains\IntelliJ IDEA 2024.1.4\jbr\bin\java.dll

Deoptimization events (8 events):
Event: 0.439 Thread 0x000002ad09d4ca60 DEOPT PACKING pc=0x000002ad0ecb6467 sp=0x000000e1a4df92d0
Event: 0.439 Thread 0x000002ad09d4ca60 DEOPT UNPACKING pc=0x000002ad16227143 sp=0x000000e1a4df86f0 mode 0
Event: 0.459 Thread 0x000002ad09d4ca60 Uncommon trap: trap_request=0xffffff45 fr.pc=0x000002ad1678e774 relative=0x00000000000003d4
Event: 0.459 Thread 0x000002ad09d4ca60 Uncommon trap: reason=unstable_if action=reinterpret pc=0x000002ad1678e774 method=java.lang.StringLatin1.newString([BII)Ljava/lang/String; @ 1 c2
Event: 0.459 Thread 0x000002ad09d4ca60 DEOPT PACKING pc=0x000002ad1678e774 sp=0x000000e1a4dfe500
Event: 0.459 Thread 0x000002ad09d4ca60 DEOPT UNPACKING pc=0x000002ad162269a3 sp=0x000000e1a4dfe4c8 mode 2
Event: 0.491 Thread 0x000002ad09d4ca60 DEOPT PACKING pc=0x000002ad0ecb57d1 sp=0x000000e1a4dfd870
Event: 0.491 Thread 0x000002ad09d4ca60 DEOPT UNPACKING pc=0x000002ad16227143 sp=0x000000e1a4dfcce8 mode 0

Classes unloaded (0 events):
No events

Classes redefined (0 events):
No events

Internal exceptions (20 events):
Event: 0.245 Thread 0x000002ad09d4ca60 Exception <a 'java/lang/NoSuchMethodError'{0x000000071939c140}: 'int java.lang.invoke.DirectMethodHandle$Holder.invokeStaticInit(java.lang.Object, java.lang.Object)'> (0x000000071939c140) 
thrown [s\src\hotspot\share\interpreter\linkResolver.cpp, line 771]
Event: 0.279 Thread 0x000002ad09d4ca60 Exception <a 'java/lang/NoSuchMethodError'{0x0000000719082e68}: 'java.lang.Object java.lang.invoke.DirectMethodHandle$Holder.invokeStaticInit(java.lang.Object, int, int, int, int)'> (0x0000000719082e68) 
thrown [s\src\hotspot\share\interpreter\linkResolver.cpp, line 771]
Event: 0.362 Thread 0x000002ad09d4ca60 Exception <a 'java/lang/NoSuchMethodError'{0x00000007191060c0}: 'java.lang.Object java.lang.invoke.DirectMethodHandle$Holder.invokeStaticInit(java.lang.Object, java.lang.Object, int, int, int, int)'> (0x00000007191060c0) 
thrown [s\src\hotspot\share\interpreter\linkResolver.cpp, line 771]
Event: 0.369 Thread 0x000002ad09d4ca60 Exception <a 'java/lang/NoSuchMethodError'{0x00000007191512f8}: 'java.lang.Object java.lang.invoke.DirectMethodHandle$Holder.invokeStatic(java.lang.Object, java.lang.Object, int)'> (0x00000007191512f8) 
thrown [s\src\hotspot\share\interpreter\linkResolver.cpp, line 771]
Event: 0.370 Thread 0x000002ad09d4ca60 Exception <a 'java/lang/NoSuchMethodError'{0x00000007191724e0}: 'java.lang.Object java.lang.invoke.DirectMethodHandle$Holder.invokeStaticInit(java.lang.Object, java.lang.Object, int)'> (0x00000007191724e0) 
thrown [s\src\hotspot\share\interpreter\linkResolver.cpp, line 771]
Event: 0.371 Thread 0x000002ad09d4ca60 Exception <a 'java/lang/NoSuchMethodError'{0x0000000719178890}: 'java.lang.Object java.lang.invoke.DirectMethodHandle$Holder.newInvokeSpecial(java.lang.Object, java.lang.Object, int)'> (0x0000000719178890) 
thrown [s\src\hotspot\share\interpreter\linkResolver.cpp, line 771]
Event: 0.375 Thread 0x000002ad09d4ca60 Exception <a 'java/lang/NoSuchMethodError'{0x0000000719187fd0}: 'int java.lang.invoke.DirectMethodHandle$Holder.invokeStaticInit(java.lang.Object, java.lang.Object, java.lang.Object)'> (0x0000000719187fd0) 
thrown [s\src\hotspot\share\interpreter\linkResolver.cpp, line 771]
Event: 0.377 Thread 0x000002ad09d4ca60 Exception <a 'java/lang/NoSuchMethodError'{0x00000007191981b0}: 'int java.lang.invoke.DirectMethodHandle$Holder.invokeSpecial(java.lang.Object, java.lang.Object, java.lang.Object)'> (0x00000007191981b0) 
thrown [s\src\hotspot\share\interpreter\linkResolver.cpp, line 771]
Event: 0.378 Thread 0x000002ad09d4ca60 Exception <a 'java/lang/NoSuchMethodError'{0x00000007191a0590}: 'int java.lang.invoke.DirectMethodHandle$Holder.invokeSpecialIFC(java.lang.Object, java.lang.Object, java.lang.Object)'> (0x00000007191a0590) 
thrown [s\src\hotspot\share\interpreter\linkResolver.cpp, line 771]
Event: 0.405 Thread 0x000002ad09d4ca60 Exception <a 'java/lang/NoSuchMethodError'{0x0000000718e2cc48}: 'java.lang.Object java.lang.invoke.DirectMethodHandle$Holder.invokeStaticInit(java.lang.Object)'> (0x0000000718e2cc48) 
thrown [s\src\hotspot\share\interpreter\linkResolver.cpp, line 771]
Event: 0.472 Thread 0x000002ad09d4ca60 Exception <a 'java/lang/NoSuchMethodError'{0x0000000718fe6de8}: 'java.lang.Object java.lang.invoke.DirectMethodHandle$Holder.newInvokeSpecial(java.lang.Object, java.lang.Object, java.lang.Object, java.lang.Object, java.lang.Object)'> (0x0000000718fe6de8) 
thrown [s\src\hotspot\share\interpreter\linkResolver.cpp, line 771]
Event: 0.513 Thread 0x000002ad09d4ca60 Exception <a 'java/lang/NoSuchMethodError'{0x0000000718d772e8}: 'java.lang.Object java.lang.invoke.DirectMethodHandle$Holder.invokeSpecial(java.lang.Object, java.lang.Object, java.lang.Object, java.lang.Object, int)'> (0x0000000718d772e8) 
thrown [s\src\hotspot\share\interpreter\linkResolver.cpp, line 771]
Event: 0.513 Thread 0x000002ad09d4ca60 Exception <a 'java/lang/NoSuchMethodError'{0x0000000718d7aeb0}: 'java.lang.Object java.lang.invoke.Invokers$Holder.linkToTargetMethod(java.lang.Object, java.lang.Object, int, java.lang.Object)'> (0x0000000718d7aeb0) 
thrown [s\src\hotspot\share\interpreter\linkResolver.cpp, line 771]
Event: 0.526 Thread 0x000002ad09d4ca60 Exception <a 'java/lang/NoSuchMethodError'{0x0000000718dd7b90}: 'void java.lang.invoke.DirectMethodHandle$Holder.invokeSpecial(java.lang.Object, java.lang.Object, java.lang.Object)'> (0x0000000718dd7b90) 
thrown [s\src\hotspot\share\interpreter\linkResolver.cpp, line 771]
Event: 0.537 Thread 0x000002ad09d4ca60 Exception <a 'java/net/SocketException'{0x0000000718a41378}: No buffer space available (maximum connections reached?): connect> (0x0000000718a41378) 
thrown [s\src\hotspot\share\prims\jni.cpp, line 550]
Event: 0.543 Thread 0x000002ad09d4ca60 Exception <a 'java/lang/NoSuchMethodError'{0x0000000718a5c9d0}: 'void java.lang.invoke.DirectMethodHandle$Holder.invokeSpecial(java.lang.Object, java.lang.Object, java.lang.Object, java.lang.Object, java.lang.Object)'> (0x0000000718a5c9d0) 
thrown [s\src\hotspot\share\interpreter\linkResolver.cpp, line 771]
Event: 0.552 Thread 0x000002ad2f255490 Exception <a 'java/lang/NoSuchMethodError'{0x0000000718f74968}: 'void java.lang.invoke.DirectMethodHandle$Holder.invokeStatic(java.lang.Object, java.lang.Object, int)'> (0x0000000718f74968) 
thrown [s\src\hotspot\share\interpreter\linkResolver.cpp, line 771]
Event: 0.560 Thread 0x000002ad2f3d3d10 Exception <a 'java/lang/NoSuchMethodError'{0x0000000718b05e60}: 'void java.lang.invoke.DirectMethodHandle$Holder.invokeInterface(java.lang.Object, java.lang.Object, java.lang.Object)'> (0x0000000718b05e60) 
thrown [s\src\hotspot\share\interpreter\linkResolver.cpp, line 771]
Event: 0.563 Thread 0x000002ad2f3d3d10 Exception <a 'java/lang/NoSuchMethodError'{0x0000000718b1c348}: 'int java.lang.invoke.DirectMethodHandle$Holder.invokeStaticInit(java.lang.Object, int, int)'> (0x0000000718b1c348) 
thrown [s\src\hotspot\share\interpreter\linkResolver.cpp, line 771]
Event: 0.568 Thread 0x000002ad2f3d3d10 Exception <a 'java/lang/NoSuchMethodError'{0x0000000718b5f068}: 'void java.lang.invoke.DirectMethodHandle$Holder.invokeVirtual(java.lang.Object, java.lang.Object)'> (0x0000000718b5f068) 
thrown [s\src\hotspot\share\interpreter\linkResolver.cpp, line 771]

VM Operations (8 events):
Event: 0.122 Executing VM operation: HandshakeAllThreads
Event: 0.122 Executing VM operation: HandshakeAllThreads done
Event: 0.136 Executing VM operation: HandshakeAllThreads
Event: 0.136 Executing VM operation: HandshakeAllThreads done
Event: 0.292 Executing VM operation: HandshakeAllThreads
Event: 0.292 Executing VM operation: HandshakeAllThreads done
Event: 0.408 Executing VM operation: HandshakeAllThreads
Event: 0.408 Executing VM operation: HandshakeAllThreads done

Events (20 events):
Event: 0.586 loading class sun/security/ssl/PskKeyExchangeModesExtension$PskKeyExchangeModesConsumer done
Event: 0.586 loading class sun/security/ssl/PskKeyExchangeModesExtension$PskKeyExchangeModesOnLoadAbsence
Event: 0.586 loading class sun/security/ssl/PskKeyExchangeModesExtension$PskKeyExchangeModesOnLoadAbsence done
Event: 0.586 loading class sun/security/ssl/PskKeyExchangeModesExtension$PskKeyExchangeModesOnTradeAbsence
Event: 0.586 loading class sun/security/ssl/PskKeyExchangeModesExtension$PskKeyExchangeModesOnTradeAbsence done
Event: 0.586 loading class sun/security/ssl/PskKeyExchangeModesExtension$PskKeyExchangeModesStringizer
Event: 0.586 loading class sun/security/ssl/PskKeyExchangeModesExtension$PskKeyExchangeModesStringizer done
Event: 0.586 loading class sun/security/ssl/CertificateAuthoritiesExtension
Event: 0.586 loading class sun/security/ssl/CertificateAuthoritiesExtension done
Event: 0.586 loading class sun/security/ssl/CertificateAuthoritiesExtension$CHCertificateAuthoritiesProducer
Event: 0.586 loading class sun/security/ssl/CertificateAuthoritiesExtension$CHCertificateAuthoritiesProducer done
Event: 0.586 loading class sun/security/ssl/CertificateAuthoritiesExtension$CHCertificateAuthoritiesConsumer
Event: 0.586 loading class sun/security/ssl/CertificateAuthoritiesExtension$CHCertificateAuthoritiesConsumer done
Event: 0.586 loading class sun/security/ssl/CertificateAuthoritiesExtension$CRCertificateAuthoritiesProducer
Event: 0.586 loading class sun/security/ssl/CertificateAuthoritiesExtension$CRCertificateAuthoritiesProducer done
Event: 0.586 loading class sun/security/ssl/CertificateAuthoritiesExtension$CRCertificateAuthoritiesConsumer
Event: 0.586 loading class sun/security/ssl/CertificateAuthoritiesExtension$CRCertificateAuthoritiesConsumer done
Event: 0.586 loading class sun/security/ssl/CertificateAuthoritiesExtension$CertificateAuthoritiesStringizer
Event: 0.586 loading class sun/security/ssl/CertificateAuthoritiesExtension$CertificateAuthoritiesStringizer done
Event: 0.586 loading class sun/security/ssl/CertSignAlgsExtension


Dynamic libraries:
0x00007ff719430000 - 0x00007ff71943a000 	C:\Program Files\JetBrains\IntelliJ IDEA 2024.1.4\jbr\bin\java.exe
0x00007ffbb4350000 - 0x00007ffbb4567000 	C:\WINDOWS\SYSTEM32\ntdll.dll
0x00007ffbb2de0000 - 0x00007ffbb2ea4000 	C:\WINDOWS\System32\KERNEL32.DLL
0x00007ffbb1a30000 - 0x00007ffbb1de7000 	C:\WINDOWS\System32\KERNELBASE.dll
0x00007ffbb1f60000 - 0x00007ffbb2071000 	C:\WINDOWS\System32\ucrtbase.dll
0x00007ffb9fc30000 - 0x00007ffb9fc47000 	C:\Program Files\JetBrains\IntelliJ IDEA 2024.1.4\jbr\bin\jli.dll
0x00007ffbb2c30000 - 0x00007ffbb2ddf000 	C:\WINDOWS\System32\USER32.dll
0x00007ffbb18e0000 - 0x00007ffbb1906000 	C:\WINDOWS\System32\win32u.dll
0x00007ffba00a0000 - 0x00007ffba00bb000 	C:\Program Files\JetBrains\IntelliJ IDEA 2024.1.4\jbr\bin\VCRUNTIME140.dll
0x00007ffbb3510000 - 0x00007ffbb3539000 	C:\WINDOWS\System32\GDI32.dll
0x00007ffbb1910000 - 0x00007ffbb1a28000 	C:\WINDOWS\System32\gdi32full.dll
0x00007ffbb1660000 - 0x00007ffbb16fa000 	C:\WINDOWS\System32\msvcp_win.dll
0x00007ffba4220000 - 0x00007ffba44b3000 	C:\WINDOWS\WinSxS\amd64_microsoft.windows.common-controls_6595b64144ccf1df_6.0.22621.3672_none_2713b9d173822955\COMCTL32.dll
0x00007ffbb3850000 - 0x00007ffbb38f7000 	C:\WINDOWS\System32\msvcrt.dll
0x00007ffbb2180000 - 0x00007ffbb21b1000 	C:\WINDOWS\System32\IMM32.DLL
0x00007ffba01f0000 - 0x00007ffba01fc000 	C:\Program Files\JetBrains\IntelliJ IDEA 2024.1.4\jbr\bin\vcruntime140_1.dll
0x00007ffb66930000 - 0x00007ffb669bd000 	C:\Program Files\JetBrains\IntelliJ IDEA 2024.1.4\jbr\bin\msvcp140.dll
0x00007ffb07440000 - 0x00007ffb080c3000 	C:\Program Files\JetBrains\IntelliJ IDEA 2024.1.4\jbr\bin\server\jvm.dll
0x00007ffbb3c00000 - 0x00007ffbb3cb2000 	C:\WINDOWS\System32\ADVAPI32.dll
0x00007ffbb2eb0000 - 0x00007ffbb2f58000 	C:\WINDOWS\System32\sechost.dll
0x00007ffbb18b0000 - 0x00007ffbb18d8000 	C:\WINDOWS\System32\bcrypt.dll
0x00007ffbb2b10000 - 0x00007ffbb2c24000 	C:\WINDOWS\System32\RPCRT4.dll
0x00007ffbad850000 - 0x00007ffbad85a000 	C:\WINDOWS\SYSTEM32\VERSION.dll
0x00007ffbad2a0000 - 0x00007ffbad2d4000 	C:\WINDOWS\SYSTEM32\WINMM.dll
0x00007ffb82120000 - 0x00007ffb82129000 	C:\WINDOWS\SYSTEM32\WSOCK32.dll
0x00007ffbb0f70000 - 0x00007ffbb0fbd000 	C:\WINDOWS\SYSTEM32\POWRPROF.dll
0x00007ffbb37c0000 - 0x00007ffbb3831000 	C:\WINDOWS\System32\WS2_32.dll
0x00007ffbb0f50000 - 0x00007ffbb0f63000 	C:\WINDOWS\SYSTEM32\UMPDC.dll
0x00007ffbb0610000 - 0x00007ffbb0628000 	C:\WINDOWS\SYSTEM32\kernel.appcore.dll
0x00007ffbad870000 - 0x00007ffbad87a000 	C:\Program Files\JetBrains\IntelliJ IDEA 2024.1.4\jbr\bin\jimage.dll
0x00007ffbaf020000 - 0x00007ffbaf252000 	C:\WINDOWS\SYSTEM32\DBGHELP.DLL
0x00007ffbb3e70000 - 0x00007ffbb41fe000 	C:\WINDOWS\System32\combase.dll
0x00007ffbb21c0000 - 0x00007ffbb2297000 	C:\WINDOWS\System32\OLEAUT32.dll
0x00007ffb96fe0000 - 0x00007ffb97012000 	C:\WINDOWS\SYSTEM32\dbgcore.DLL
0x00007ffbb1700000 - 0x00007ffbb177b000 	C:\WINDOWS\System32\bcryptPrimitives.dll
0x00007ffb9fd70000 - 0x00007ffb9fd95000 	C:\Program Files\JetBrains\IntelliJ IDEA 2024.1.4\jbr\bin\java.dll
0x00007ffba07e0000 - 0x00007ffba07f8000 	C:\Program Files\JetBrains\IntelliJ IDEA 2024.1.4\jbr\bin\zip.dll
0x00007ffbb22a0000 - 0x00007ffbb2b09000 	C:\WINDOWS\System32\SHELL32.dll
0x00007ffbaf580000 - 0x00007ffbafe7f000 	C:\WINDOWS\SYSTEM32\windows.storage.dll
0x00007ffbaf440000 - 0x00007ffbaf57f000 	C:\WINDOWS\SYSTEM32\wintypes.dll
0x00007ffbb2080000 - 0x00007ffbb2179000 	C:\WINDOWS\System32\SHCORE.dll
0x00007ffbb2f60000 - 0x00007ffbb2fbe000 	C:\WINDOWS\System32\shlwapi.dll
0x00007ffbb1590000 - 0x00007ffbb15b7000 	C:\WINDOWS\SYSTEM32\profapi.dll
0x00007ffb9ffa0000 - 0x00007ffb9ffb9000 	C:\Program Files\JetBrains\IntelliJ IDEA 2024.1.4\jbr\bin\net.dll
0x00007ffbad160000 - 0x00007ffbad296000 	C:\WINDOWS\SYSTEM32\WINHTTP.dll
0x00007ffbb0ad0000 - 0x00007ffbb0b39000 	C:\WINDOWS\system32\mswsock.dll
0x00007ffb9fc50000 - 0x00007ffb9fc66000 	C:\Program Files\JetBrains\IntelliJ IDEA 2024.1.4\jbr\bin\nio.dll
0x00007ffba0730000 - 0x00007ffba073e000 	C:\Program Files\JetBrains\IntelliJ IDEA 2024.1.4\jbr\bin\sunmscapi.dll
0x00007ffbb1df0000 - 0x00007ffbb1f56000 	C:\WINDOWS\System32\CRYPT32.dll
0x00007ffbb1000000 - 0x00007ffbb102d000 	C:\WINDOWS\SYSTEM32\ncrypt.dll
0x00007ffbb0fc0000 - 0x00007ffbb0ff7000 	C:\WINDOWS\SYSTEM32\NTASN1.dll
0x00007ffbb0e20000 - 0x00007ffbb0e3b000 	C:\WINDOWS\SYSTEM32\CRYPTSP.dll
0x00007ffbb05d0000 - 0x00007ffbb0605000 	C:\WINDOWS\system32\rsaenh.dll
0x00007ffbb0b70000 - 0x00007ffbb0b98000 	C:\WINDOWS\SYSTEM32\USERENV.dll
0x00007ffbb0e00000 - 0x00007ffbb0e0c000 	C:\WINDOWS\SYSTEM32\CRYPTBASE.dll
0x00007ffbb00e0000 - 0x00007ffbb010d000 	C:\WINDOWS\SYSTEM32\IPHLPAPI.DLL
0x00007ffbb3840000 - 0x00007ffbb3849000 	C:\WINDOWS\System32\NSI.dll
0x00007ffbad140000 - 0x00007ffbad159000 	C:\WINDOWS\SYSTEM32\dhcpcsvc6.DLL
0x00007ffbad040000 - 0x00007ffbad05f000 	C:\WINDOWS\SYSTEM32\dhcpcsvc.DLL
0x00007ffbb0150000 - 0x00007ffbb0252000 	C:\WINDOWS\SYSTEM32\DNSAPI.dll
0x00007ffb57c30000 - 0x00007ffb57c38000 	C:\WINDOWS\system32\wshunix.dll
0x00007ffba0700000 - 0x00007ffba0709000 	C:\Program Files\JetBrains\IntelliJ IDEA 2024.1.4\jbr\bin\extnet.dll

dbghelp: loaded successfully - version: 4.0.5 - missing functions: none
symbol engine: initialized successfully - sym options: 0x614 - pdb path: .;C:\Program Files\JetBrains\IntelliJ IDEA 2024.1.4\jbr\bin;C:\WINDOWS\SYSTEM32;C:\WINDOWS\WinSxS\amd64_microsoft.windows.common-controls_6595b64144ccf1df_6.0.22621.3672_none_2713b9d173822955;C:\Program Files\JetBrains\IntelliJ IDEA 2024.1.4\jbr\bin\server

VM Arguments:
java_command: git4idea.http.GitAskPassApp Username for 'https://github.com': 
java_class_path (initial): C:/Program Files/JetBrains/IntelliJ IDEA 2024.1.4/plugins/vcs-git/lib/git4idea-rt.jar;C:/Program Files/JetBrains/IntelliJ IDEA 2024.1.4/lib/externalProcess-rt.jar
Launcher Type: SUN_STANDARD

[Global flags]
     intx CICompilerCount                          = 4                                         {product} {ergonomic}
     uint ConcGCThreads                            = 3                                         {product} {ergonomic}
     uint G1ConcRefinementThreads                  = 10                                        {product} {ergonomic}
   size_t G1HeapRegionSize                         = 2097152                                   {product} {ergonomic}
    uintx GCDrainStackTargetSize                   = 64                                        {product} {ergonomic}
   size_t InitialHeapSize                          = 257949696                                 {product} {ergonomic}
   size_t MarkStackSize                            = 4194304                                   {product} {ergonomic}
   size_t MaxHeapSize                              = 4127195136                                {product} {ergonomic}
   size_t MaxNewSize                               = 2474639360                                {product} {ergonomic}
   size_t MinHeapDeltaBytes                        = 2097152                                   {product} {ergonomic}
   size_t MinHeapSize                              = 8388608                                   {product} {ergonomic}
    uintx NonNMethodCodeHeapSize                   = 5839372                                {pd product} {ergonomic}
    uintx NonProfiledCodeHeapSize                  = 122909434                              {pd product} {ergonomic}
    uintx ProfiledCodeHeapSize                     = 122909434                              {pd product} {ergonomic}
    uintx ReservedCodeCacheSize                    = 251658240                              {pd product} {ergonomic}
     bool SegmentedCodeCache                       = true                                      {product} {ergonomic}
   size_t SoftMaxHeapSize                          = 4127195136                             {manageable} {ergonomic}
     bool UseCompressedClassPointers               = true                           {product lp64_product} {ergonomic}
     bool UseCompressedOops                        = true                           {product lp64_product} {ergonomic}
     bool UseG1GC                                  = true                                      {product} {ergonomic}
     bool UseLargePagesIndividualAllocation        = false                                  {pd product} {ergonomic}

Logging:
Log output configuration:
 #0: stdout all=warning uptime,level,tags
 #1: stderr all=off uptime,level,tags

Environment Variables:
PATH=C:\Program Files\Git\mingw64\libexec\git-core;C:\Program Files\Git\mingw64\libexec\git-core;C:\Program Files\Git\mingw64\bin;C:\Program Files\Git\usr\bin;C:\Users\lucif\bin;C:\WINDOWS\system32;C:\WINDOWS;C:\WINDOWS\System32\Wbem;C:\WINDOWS\System32\WindowsPowerShell\v1.0;C:\WINDOWS\System32\OpenSSH;C:\Program Files\dotnet;C:\Program Files\NVIDIA Corporation\NVIDIA NvDLISR;C:\Program Files\Cloudflare\Cloudflare WARP;C:\Program Files\PuTTY;C:\Program Files\Git LFS;C:\Program Files (x86)\NVIDIA Corporation\PhysX\Common;C:\WINDOWS\system32;C:\WINDOWS;C:\WINDOWS\System32\Wbem;C:\WINDOWS\System32\WindowsPowerShell\v1.0;C:\WINDOWS\System32\OpenSSH;C:\Program Files\Git\cmd;C:\Program Files\Docker\Docker\resources\bin;C:\Users\lucif\AppData\Local\Microsoft\WindowsApps;C:\Users\lucif\.dotnet\tools;C:\Users\lucif\AppData\Local\Programs\Microsoft VS Code\bin;C:\Users\lucif\AppData\Local\afreeca;C:\Program Files (x86)\Nmap;C:\Users\lucif\AppData\Local\GitHubDesktop\bin;C:\Users\lucif\dev\flutter\bin;C:\Windows\System32;C:\Program Files\JetBrains\IntelliJ IDEA 2024.1.4\bin;C:\Program Files\JetBrains\IntelliJ IDEA Community Edition 2024.1.4\bin
USERNAME=lucif
DISPLAY=:0.0
LC_ALL=en_US.UTF-8
TERM=xterm-256color
TMPDIR=C:\Users\lucif\AppData\Local\Temp
OS=Windows_NT
PROCESSOR_IDENTIFIER=AMD64 Family 23 Model 96 Stepping 1, AuthenticAMD
TMP=C:\Users\lucif\AppData\Local\Temp
TEMP=C:\Users\lucif\AppData\Local\Temp



Periodic native trim disabled

JNI global refs:
JNI global refs: 19, weak refs: 0

JNI global refs memory usage: 843, weak refs: 209

Process memory usage:
Resident Set Size: 67544K (0% of 16119108K total physical memory with 650864K free physical memory)

OOME stack traces (most recent first):
Classloader memory used:
Loader bootstrap                                                                       : 1662K
Loader jdk.internal.loader.ClassLoaders$PlatformClassLoader                            : 167K
Loader jdk.internal.loader.ClassLoaders$AppClassLoader                                 : 1808B


---------------  S Y S T E M  ---------------

OS:
 Windows 11 , 64 bit Build 22621 (10.0.22621.3958)
OS uptime: 21 days 0:46 hours
Hyper-V role detected

CPU: total 12 (initial active 12) (12 cores per cpu, 2 threads per core) family 23 model 96 stepping 1 microcode 0x0, cx8, cmov, fxsr, ht, mmx, 3dnowpref, sse, sse2, sse3, ssse3, sse4a, sse4.1, sse4.2, popcnt, lzcnt, tsc, tscinvbit, avx, avx2, aes, clmul, bmi1, bmi2, adx, sha, fma, vzeroupper, clflush, clflushopt, hv
Processor Information for all 12 processors :
  Max Mhz: 3000, Current Mhz: 3000, Mhz Limit: 3000

Memory: 4k page, system-wide physical 15741M (635M free)
TotalPageFile size 64893M (AvailPageFile size 1M)
current process WorkingSet (physical memory assigned to process): 66M, peak: 66M
current process commit charge ("private bytes"): 346M, peak: 347M

vm_info: OpenJDK 64-Bit Server VM (17.0.11+1-b1207.24) for windows-amd64 JRE (17.0.11+1-b1207.24), built on 2024-05-15 by "builduser" with MS VC++ 16.10 / 16.11 (VS2019)

END.
