#
# There is insufficient memory for the Java Runtime Environment to continue.
# Native memory allocation (mmap) failed to map 257949696 bytes. Error detail: G1 virtual space
# Possible reasons:
#   The system is out of physical RAM or swap space
#   This process is running with CompressedOops enabled, and the Java Heap may be blocking the growth of the native heap
# Possible solutions:
#   Reduce memory load on the system
#   Increase physical memory or swap space
#   Check if swap backing store is full
#   Decrease Java heap size (-Xmx/-Xms)
#   Decrease number of Java threads
#   Decrease Java thread stack sizes (-Xss)
#   Set larger code cache with -XX:ReservedCodeCacheSize=
#   JVM is running with Zero Based Compressed Oops mode in which the Java heap is
#     placed in the first 32GB address space. The Java Heap base address is the
#     maximum limit for the native heap growth. Please use -XX:HeapBaseMinAddress
#     to set the Java Heap base and to place the Java Heap above 32GB virtual address.
# This output file may be truncated or incomplete.
#
#  Out of Memory Error (os_windows.cpp:3825), pid=33040, tid=40644
#
# JRE version:  (17.0.11+1) (build )
# Java VM: OpenJDK 64-Bit Server VM (17.0.11+1-b1207.24, mixed mode, sharing, tiered, compressed oops, compressed class ptrs, g1 gc, windows-amd64)
# No core dump will be written. Minidumps are not enabled by default on client versions of Windows
#

---------------  S U M M A R Y ------------

Command Line: git4idea.http.GitAskPassApp Username for 'https://github.com': 

Host: AMD Ryzen 5 4600H with Radeon Graphics         , 12 cores, 15G,  Windows 11 , 64 bit Build 22621 (10.0.22621.3958)
Time: Thu Oct 31 08:23:13 2024 Korea Standard Time elapsed time: 0.016967 seconds (0d 0h 0m 0s)

---------------  T H R E A D  ---------------

Current thread (0x0000023ce013dba0):  JavaThread "Unknown thread" [_thread_in_vm, id=40644, stack(0x000000ea85a00000,0x000000ea85b00000)]

Stack: [0x000000ea85a00000,0x000000ea85b00000]
Native frames: (J=compiled Java code, j=interpreted, Vv=VM code, C=native code)
V  [jvm.dll+0x6877f9]
V  [jvm.dll+0x8411aa]
V  [jvm.dll+0x842e2e]
V  [jvm.dll+0x843493]
V  [jvm.dll+0x249fdf]
V  [jvm.dll+0x6845c9]
V  [jvm.dll+0x678e7a]
V  [jvm.dll+0x30ab4b]
V  [jvm.dll+0x311ff6]
V  [jvm.dll+0x361a5e]
V  [jvm.dll+0x361c8f]
V  [jvm.dll+0x2e0978]
V  [jvm.dll+0x2e18e4]
V  [jvm.dll+0x811c71]
V  [jvm.dll+0x36f7c8]
V  [jvm.dll+0x7f05f6]
V  [jvm.dll+0x3f398f]
V  [jvm.dll+0x3f5541]
C  [jli.dll+0x528f]
C  [ucrtbase.dll+0x29333]
C  [KERNEL32.DLL+0x1257d]
C  [ntdll.dll+0x5af08]


---------------  P R O C E S S  ---------------

Threads class SMR info:
_java_thread_list=0x00007ffb07f7efd8, length=0, elements={
}

Java Threads: ( => current thread )

Other Threads:
  0x0000023ce23796e0 GCTaskThread "GC Thread#0" [stack: 0x000000ea85b00000,0x000000ea85c00000] [id=26452]
  0x0000023ce2389c30 ConcurrentGCThread "G1 Main Marker" [stack: 0x000000ea85c00000,0x000000ea85d00000] [id=43428]
  0x0000023ce238c560 ConcurrentGCThread "G1 Conc#0" [stack: 0x000000ea85d00000,0x000000ea85e00000] [id=43500]

[error occurred during error reporting (printing all threads), id 0xc0000005, EXCEPTION_ACCESS_VIOLATION (0xc0000005) at pc=0x00007ffb07731547]

VM state: not at safepoint (not fully initialized)

VM Mutex/Monitor currently owned by a thread:  ([mutex/lock_event])
[0x0000023ce230ea10] Heap_lock - owner thread: 0x0000023ce013dba0

Heap address: 0x000000070a000000, size: 3936 MB, Compressed Oops mode: Zero based, Oop shift amount: 3

CDS archive(s) mapped at: [0x0000000000000000-0x0000000000000000-0x0000000000000000), size 0, SharedBaseAddress: 0x0000000800000000, ArchiveRelocationMode: 1.
Narrow klass base: 0x0000000000000000, Narrow klass shift: 0, Narrow klass range: 0x0

GC Precious Log:
<Empty>

Heap:
 garbage-first heap   total 0K, used 0K [0x000000070a000000, 0x0000000800000000)
  region size 2048K, 0 young (0K), 0 survivors (0K)
 Metaspace       used 0K, committed 0K, reserved 0K
  class space    used 0K, committed 0K, reserved 0K

Heap Regions: E=young(eden), S=young(survivor), O=old, HS=humongous(starts), HC=humongous(continues), CS=collection set, F=free, OA=open archive, CA=closed archive, TAMS=top-at-mark-start (previous, next)

Card table byte_map: [0x0000023cf57a0000,0x0000023cf5f50000] _byte_map_base: 0x0000023cf1f50000

Marking Bits (Prev, Next): (CMBitMap*) 0x0000023ce2379d00, (CMBitMap*) 0x0000023ce2379d40
 Prev Bits: [0x0000023cf6700000, 0x0000023cfa480000)
 Next Bits: [0x0000023cfa480000, 0x0000023cfe200000)

GC Heap History (0 events):
No events

Dll operation events (1 events):
Event: 0.009 Loaded shared library C:\Program Files\JetBrains\IntelliJ IDEA 2024.1.4\jbr\bin\java.dll

Deoptimization events (0 events):
No events

Classes unloaded (0 events):
No events

Classes redefined (0 events):
No events

Internal exceptions (0 events):
No events

VM Operations (0 events):
No events

Events (0 events):
No events


Dynamic libraries:
0x00007ff747100000 - 0x00007ff74710a000 	C:\Program Files\JetBrains\IntelliJ IDEA 2024.1.4\jbr\bin\java.exe
0x00007ffbb4350000 - 0x00007ffbb4567000 	C:\WINDOWS\SYSTEM32\ntdll.dll
0x00007ffbb2de0000 - 0x00007ffbb2ea4000 	C:\WINDOWS\System32\KERNEL32.DLL
0x00007ffbb1a30000 - 0x00007ffbb1de7000 	C:\WINDOWS\System32\KERNELBASE.dll
0x00007ffbb1f60000 - 0x00007ffbb2071000 	C:\WINDOWS\System32\ucrtbase.dll
0x00007ffb9fc30000 - 0x00007ffb9fc47000 	C:\Program Files\JetBrains\IntelliJ IDEA 2024.1.4\jbr\bin\jli.dll
0x00007ffbb2c30000 - 0x00007ffbb2ddf000 	C:\WINDOWS\System32\USER32.dll
0x00007ffbb18e0000 - 0x00007ffbb1906000 	C:\WINDOWS\System32\win32u.dll
0x00007ffbb3510000 - 0x00007ffbb3539000 	C:\WINDOWS\System32\GDI32.dll
0x00007ffba00a0000 - 0x00007ffba00bb000 	C:\Program Files\JetBrains\IntelliJ IDEA 2024.1.4\jbr\bin\VCRUNTIME140.dll
0x00007ffbb1910000 - 0x00007ffbb1a28000 	C:\WINDOWS\System32\gdi32full.dll
0x00007ffbb1660000 - 0x00007ffbb16fa000 	C:\WINDOWS\System32\msvcp_win.dll
0x00007ffba4220000 - 0x00007ffba44b3000 	C:\WINDOWS\WinSxS\amd64_microsoft.windows.common-controls_6595b64144ccf1df_6.0.22621.3672_none_2713b9d173822955\COMCTL32.dll
0x00007ffbb3850000 - 0x00007ffbb38f7000 	C:\WINDOWS\System32\msvcrt.dll
0x00007ffbb2180000 - 0x00007ffbb21b1000 	C:\WINDOWS\System32\IMM32.DLL
0x00007ffbad640000 - 0x00007ffbad64c000 	C:\Program Files\JetBrains\IntelliJ IDEA 2024.1.4\jbr\bin\vcruntime140_1.dll
0x00007ffb66930000 - 0x00007ffb669bd000 	C:\Program Files\JetBrains\IntelliJ IDEA 2024.1.4\jbr\bin\msvcp140.dll
0x00007ffb07440000 - 0x00007ffb080c3000 	C:\Program Files\JetBrains\IntelliJ IDEA 2024.1.4\jbr\bin\server\jvm.dll
0x00007ffbb3c00000 - 0x00007ffbb3cb2000 	C:\WINDOWS\System32\ADVAPI32.dll
0x00007ffbb2eb0000 - 0x00007ffbb2f58000 	C:\WINDOWS\System32\sechost.dll
0x00007ffbb18b0000 - 0x00007ffbb18d8000 	C:\WINDOWS\System32\bcrypt.dll
0x00007ffbb2b10000 - 0x00007ffbb2c24000 	C:\WINDOWS\System32\RPCRT4.dll
0x00007ffb82120000 - 0x00007ffb82129000 	C:\WINDOWS\SYSTEM32\WSOCK32.dll
0x00007ffbad850000 - 0x00007ffbad85a000 	C:\WINDOWS\SYSTEM32\VERSION.dll
0x00007ffbad2a0000 - 0x00007ffbad2d4000 	C:\WINDOWS\SYSTEM32\WINMM.dll
0x00007ffbb0f70000 - 0x00007ffbb0fbd000 	C:\WINDOWS\SYSTEM32\POWRPROF.dll
0x00007ffbb37c0000 - 0x00007ffbb3831000 	C:\WINDOWS\System32\WS2_32.dll
0x00007ffbb0f50000 - 0x00007ffbb0f63000 	C:\WINDOWS\SYSTEM32\UMPDC.dll
0x00007ffbb0610000 - 0x00007ffbb0628000 	C:\WINDOWS\SYSTEM32\kernel.appcore.dll
0x00007ffbad870000 - 0x00007ffbad87a000 	C:\Program Files\JetBrains\IntelliJ IDEA 2024.1.4\jbr\bin\jimage.dll
0x00007ffbaf020000 - 0x00007ffbaf252000 	C:\WINDOWS\SYSTEM32\DBGHELP.DLL
0x00007ffbb3e70000 - 0x00007ffbb41fe000 	C:\WINDOWS\System32\combase.dll
0x00007ffbb21c0000 - 0x00007ffbb2297000 	C:\WINDOWS\System32\OLEAUT32.dll
0x00007ffb96fe0000 - 0x00007ffb97012000 	C:\WINDOWS\SYSTEM32\dbgcore.DLL
0x00007ffbb1700000 - 0x00007ffbb177b000 	C:\WINDOWS\System32\bcryptPrimitives.dll
0x00007ffb9fd70000 - 0x00007ffb9fd95000 	C:\Program Files\JetBrains\IntelliJ IDEA 2024.1.4\jbr\bin\java.dll

dbghelp: loaded successfully - version: 4.0.5 - missing functions: none
symbol engine: initialized successfully - sym options: 0x614 - pdb path: .;C:\Program Files\JetBrains\IntelliJ IDEA 2024.1.4\jbr\bin;C:\WINDOWS\SYSTEM32;C:\WINDOWS\WinSxS\amd64_microsoft.windows.common-controls_6595b64144ccf1df_6.0.22621.3672_none_2713b9d173822955;C:\Program Files\JetBrains\IntelliJ IDEA 2024.1.4\jbr\bin\server

VM Arguments:
java_command: git4idea.http.GitAskPassApp Username for 'https://github.com': 
java_class_path (initial): C:/Program Files/JetBrains/IntelliJ IDEA 2024.1.4/plugins/vcs-git/lib/git4idea-rt.jar;C:/Program Files/JetBrains/IntelliJ IDEA 2024.1.4/lib/externalProcess-rt.jar
Launcher Type: SUN_STANDARD

[Global flags]
     intx CICompilerCount                          = 4                                         {product} {ergonomic}
     uint ConcGCThreads                            = 3                                         {product} {ergonomic}
     uint G1ConcRefinementThreads                  = 10                                        {product} {ergonomic}
   size_t G1HeapRegionSize                         = 2097152                                   {product} {ergonomic}
    uintx GCDrainStackTargetSize                   = 64                                        {product} {ergonomic}
   size_t InitialHeapSize                          = 257949696                                 {product} {ergonomic}
   size_t MarkStackSize                            = 4194304                                   {product} {ergonomic}
   size_t MaxHeapSize                              = 4127195136                                {product} {ergonomic}
   size_t MinHeapDeltaBytes                        = 2097152                                   {product} {ergonomic}
   size_t MinHeapSize                              = 8388608                                   {product} {ergonomic}
    uintx NonNMethodCodeHeapSize                   = 5839372                                {pd product} {ergonomic}
    uintx NonProfiledCodeHeapSize                  = 122909434                              {pd product} {ergonomic}
    uintx ProfiledCodeHeapSize                     = 122909434                              {pd product} {ergonomic}
    uintx ReservedCodeCacheSize                    = 251658240                              {pd product} {ergonomic}
     bool SegmentedCodeCache                       = true                                      {product} {ergonomic}
   size_t SoftMaxHeapSize                          = 4127195136                             {manageable} {ergonomic}
     bool UseCompressedClassPointers               = true                           {product lp64_product} {ergonomic}
     bool UseCompressedOops                        = true                           {product lp64_product} {ergonomic}
     bool UseG1GC                                  = true                                      {product} {ergonomic}
     bool UseLargePagesIndividualAllocation        = false                                  {pd product} {ergonomic}

Logging:
Log output configuration:
 #0: stdout all=warning uptime,level,tags
 #1: stderr all=off uptime,level,tags

Environment Variables:
PATH=C:\Program Files\Git\mingw64\libexec\git-core;C:\Program Files\Git\mingw64\libexec\git-core;C:\Program Files\Git\mingw64\bin;C:\Program Files\Git\usr\bin;C:\Users\lucif\bin;C:\WINDOWS\system32;C:\WINDOWS;C:\WINDOWS\System32\Wbem;C:\WINDOWS\System32\WindowsPowerShell\v1.0;C:\WINDOWS\System32\OpenSSH;C:\Program Files\dotnet;C:\Program Files\NVIDIA Corporation\NVIDIA NvDLISR;C:\Program Files\Cloudflare\Cloudflare WARP;C:\Program Files\PuTTY;C:\Program Files\Git LFS;C:\Program Files (x86)\NVIDIA Corporation\PhysX\Common;C:\WINDOWS\system32;C:\WINDOWS;C:\WINDOWS\System32\Wbem;C:\WINDOWS\System32\WindowsPowerShell\v1.0;C:\WINDOWS\System32\OpenSSH;C:\Program Files\Git\cmd;C:\Program Files\Docker\Docker\resources\bin;C:\Users\lucif\AppData\Local\Microsoft\WindowsApps;C:\Users\lucif\.dotnet\tools;C:\Users\lucif\AppData\Local\Programs\Microsoft VS Code\bin;C:\Users\lucif\AppData\Local\afreeca;C:\Program Files (x86)\Nmap;C:\Users\lucif\AppData\Local\GitHubDesktop\bin;C:\Users\lucif\dev\flutter\bin;C:\Windows\System32;C:\Program Files\JetBrains\IntelliJ IDEA 2024.1.4\bin;C:\Program Files\JetBrains\IntelliJ IDEA Community Edition 2024.1.4\bin
USERNAME=lucif
DISPLAY=:0.0
LC_ALL=en_US.UTF-8
TERM=xterm-256color
TMPDIR=C:\Users\lucif\AppData\Local\Temp
OS=Windows_NT
PROCESSOR_IDENTIFIER=AMD64 Family 23 Model 96 Stepping 1, AuthenticAMD
TMP=C:\Users\lucif\AppData\Local\Temp
TEMP=C:\Users\lucif\AppData\Local\Temp



Periodic native trim disabled

JNI global refs:
JNI global refs: 0, weak refs: 0

JNI global refs memory usage: 0, weak refs: 0

Process memory usage:
Resident Set Size: 12184K (0% of 16119108K total physical memory with 827856K free physical memory)

OOME stack traces (most recent first):
Classloader memory used:


---------------  S Y S T E M  ---------------

OS:
 Windows 11 , 64 bit Build 22621 (10.0.22621.3958)
OS uptime: 20 days 22:00 hours
Hyper-V role detected

CPU: total 12 (initial active 12) (12 cores per cpu, 2 threads per core) family 23 model 96 stepping 1 microcode 0x0, cx8, cmov, fxsr, ht, mmx, 3dnowpref, sse, sse2, sse3, ssse3, sse4a, sse4.1, sse4.2, popcnt, lzcnt, tsc, tscinvbit, avx, avx2, aes, clmul, bmi1, bmi2, adx, sha, fma, vzeroupper, clflush, clflushopt, hv
Processor Information for all 12 processors :
  Max Mhz: 3000, Current Mhz: 3000, Mhz Limit: 3000

Memory: 4k page, system-wide physical 15741M (808M free)
TotalPageFile size 64893M (AvailPageFile size 231M)
current process WorkingSet (physical memory assigned to process): 11M, peak: 11M
current process commit charge ("private bytes"): 64M, peak: 310M

vm_info: OpenJDK 64-Bit Server VM (17.0.11+1-b1207.24) for windows-amd64 JRE (17.0.11+1-b1207.24), built on 2024-05-15 by "builduser" with MS VC++ 16.10 / 16.11 (VS2019)

END.
